start, 2020-04-10 12:43:29.518748
6252
successful open site, 2020-04-10 12:43:35.526957
Count of races 40, 2020-04-10 12:44:25.427970
Race selected Tiefling right, 2020-04-10 12:44:42.766429
Race selected human left, 2020-04-10 12:44:54.283389
Body&face selected expression none, 2020-04-10 12:45:10.064419
Body&face selected horns none, 2020-04-10 12:45:13.465320
Body&face selected horns_001 none, 2020-04-10 12:45:24.752077
Body&face selected horns_002 none, 2020-04-10 12:45:35.895846
Body&face selected horns_003 none, 2020-04-10 12:45:47.052761
Body&face selected hair none, 2020-04-10 12:45:50.245147
Body&face selected hair_001 none, 2020-04-10 12:46:01.357924
Body&face selected hair_002 none, 2020-04-10 12:46:12.599776
Body&face selected hair_003 none, 2020-04-10 12:46:23.787310
Body&face selected hair_004 none, 2020-04-10 12:46:34.979560
Body&face selected hair_005 none, 2020-04-10 12:46:46.217179
Body&face selected hair_006 none, 2020-04-10 12:46:57.411242
Body&face selected hair_007 none, 2020-04-10 12:47:08.715330
Body&face selected hair_014 none, 2020-04-10 12:47:20.124976
Body&face selected hair_008 none, 2020-04-10 12:47:31.585274
Body&face selected hair_011 none, 2020-04-10 12:47:43.128460
Body&face selected hair_010 none, 2020-04-10 12:47:54.663759
Body&face selected hair_012 none, 2020-04-10 12:48:06.248725
Body&face selected hair_013 none, 2020-04-10 12:48:17.737141
Body&face selected hair_009 none, 2020-04-10 12:48:29.221155
Body&face selected hair_015 none, 2020-04-10 12:48:40.738099
Body&face selected hair_016 none, 2020-04-10 12:48:52.107586
Body&face selected hair_018 none, 2020-04-10 12:49:03.534321
Body&face selected hair_021 none, 2020-04-10 12:49:15.227642
Body&face selected hair_019 none, 2020-04-10 12:49:26.612428
Body&face selected hair_020 none, 2020-04-10 12:49:38.277182
Body&face selected hair_017 none, 2020-04-10 12:49:49.982793
Body&face selected eyebrows none, 2020-04-10 12:49:53.323355
Body&face selected eyebrows_001 none, 2020-04-10 12:50:04.774632
Body&face selected eyebrows_002 none, 2020-04-10 12:50:16.426588
Body&face selected eyebrows_003 none, 2020-04-10 12:50:27.857359
Body&face selected glasses none, 2020-04-10 12:50:31.371751
Body&face selected glasses_002 none, 2020-04-10 12:50:42.705395
Body&face selected glasses_003 none, 2020-04-10 12:50:54.098074
Body&face selected glasses_004 none, 2020-04-10 12:51:05.498603
Body&face selected glasses_007 none, 2020-04-10 12:51:17.101657
Body&face selected glasses_005 none, 2020-04-10 12:51:28.587926
Body&face selected glasses_006 none, 2020-04-10 12:51:40.350158
Body&face selected glasses_008 none, 2020-04-10 12:51:52.278821
Body&face selected beard none, 2020-04-10 12:51:55.857889
Body&face selected beard_001 none, 2020-04-10 12:52:07.353008
Body&face selected beard_002 none, 2020-04-10 12:52:18.884647
Body&face selected beard_003 none, 2020-04-10 12:52:30.992376
Body&face selected beard_004 none, 2020-04-10 12:52:42.568211
Body&face selected beard_006 none, 2020-04-10 12:52:54.160715
Body&face selected beard_005 none, 2020-04-10 12:53:05.535459
Body&face selected tail none, 2020-04-10 12:53:08.918322
Body&face selected tail_001 none, 2020-04-10 12:53:20.224510
Body&face selected tail_002 none, 2020-04-10 12:53:31.783347
