start, 2020-06-09 09:51:56.926595
successful open site, 2020-06-09 09:52:03.290079
Count of races 40, 2020-06-09 09:52:18.261685
Race selected human left, 2020-06-09 09:52:23.423000
Race selected human right, 2020-06-09 09:52:34.621026
Race selected elf left, 2020-06-09 09:52:43.904123

Body&face selected bodyType none, 2020-06-09 09:52:57.059759

Body&face selected Face none, 2020-06-09 09:53:01.303314

Body&face selected horns none, 2020-06-09 09:53:05.489522
      Body&face selected horns_001 none, 2020-06-09 09:53:05.616493
      Body&face selected horns_002 none, 2020-06-09 09:53:08.318963
      Body&face selected horns_003 none, 2020-06-09 09:53:11.013158

Body&face selected hair none, 2020-06-09 09:53:13.697443
      Body&face selected hair_001 none, 2020-06-09 09:53:13.779421
      Body&face selected hair_002 none, 2020-06-09 09:53:16.428193
      Body&face selected hair_003 none, 2020-06-09 09:53:19.102220
      Body&face selected hair_004 none, 2020-06-09 09:53:21.792917
      Body&face selected hair_005 none, 2020-06-09 09:53:24.496129
      Body&face selected hair_006 none, 2020-06-09 09:53:27.193810
      Body&face selected hair_007 none, 2020-06-09 09:53:29.886038
      Body&face selected hair_014 none, 2020-06-09 09:53:32.605105
      Body&face selected hair_008 none, 2020-06-09 09:53:35.294860
Failed at hair_008 none, Message: chrome not reachable
  (Session info: chrome=80.0.3987.87)
, 2020-06-09 09:53:49.893347
